[debug] [2022-06-04T18:13:32.182Z] ----------------------------------------------------------------------
[debug] [2022-06-04T18:13:32.183Z] Command:       C:\Program Files\nodejs\node.exe C:\Users\rohit\AppData\Roaming\npm\node_modules\firebase-tools\lib\bin\firebase.js init
[debug] [2022-06-04T18:13:32.184Z] CLI Version:   11.0.1
[debug] [2022-06-04T18:13:32.184Z] Platform:      win32
[debug] [2022-06-04T18:13:32.184Z] Node Version:  v16.15.1
[debug] [2022-06-04T18:13:32.185Z] Time:          Sat Jun 04 2022 23:43:32 GMT+0530 (India Standard Time)
[debug] [2022-06-04T18:13:32.185Z] ----------------------------------------------------------------------
[debug] 
[debug] [2022-06-04T18:13:32.241Z] > command requires scopes: ["email","openid","https://www.googleapis.com/auth/cloudplatformprojects.readonly","https://www.googleapis.com/auth/firebase","https://www.googleapis.com/auth/cloud-platform"]
[debug] [2022-06-04T18:13:32.242Z] > authorizing via signed-in user (alpharohit777@gmail.com)
[info] 
     ######## #### ########  ######## ########     ###     ######  ########
     ##        ##  ##     ## ##       ##     ##  ##   ##  ##       ##
     ######    ##  ########  ######   ########  #########  ######  ######
     ##        ##  ##    ##  ##       ##     ## ##     ##       ## ##
     ##       #### ##     ## ######## ########  ##     ##  ######  ########

You're about to initialize a Firebase project in this directory:

  C:\Users\rohit\OneDrive\Desktop\Netflix clone

Before we get started, keep in mind:

  * You are initializing within an existing Firebase project directory

[info] 
=== Project Setup
[info] 
[info] First, let's associate this project directory with a Firebase project.
[info] You can create multiple project aliases by running firebase use --add, 
[info] but for now we'll just set up a default project.
[info] 
[debug] [2022-06-04T18:15:30.733Z] Using project from CLI flag: netflixclone-ffa05
[debug] [2022-06-04T18:15:30.735Z] >>> [apiv2][query] GET https://firebase.googleapis.com/v1beta1/projects/netflixclone-ffa05 [none]
[debug] [2022-06-04T18:15:31.349Z] <<< [apiv2][status] GET https://firebase.googleapis.com/v1beta1/projects/netflixclone-ffa05 200
[debug] [2022-06-04T18:15:31.350Z] <<< [apiv2][body] GET https://firebase.googleapis.com/v1beta1/projects/netflixclone-ffa05 {"projectId":"netflixclone-ffa05","projectNumber":"704350866059","displayName":"Netflixclone","name":"projects/netflixclone-ffa05","resources":{"hostingSite":"netflixclone-ffa05","realtimeDatabaseInstance":"netflixclone-ffa05-default-rtdb","storageBucket":"netflixclone-ffa05.appspot.com","locationId":"us-central"},"state":"ACTIVE"}
[info] i  Using project netflixclone-ffa05 (Netflixclone) 
[info] 
=== Hosting Setup
[info] 
[info] Your public directory is the folder (relative to your project directory) that
[info] will contain Hosting assets to be uploaded with firebase deploy. If you
[info] have a build process for your assets, use your build's output directory.
[info] 
[debug] [2022-06-04T18:16:05.489Z] >>> [apiv2][query] GET https://www.gstatic.com/firebasejs/releases.json [none]
[debug] [2022-06-04T18:16:05.629Z] <<< [apiv2][status] GET https://www.gstatic.com/firebasejs/releases.json 200
[debug] [2022-06-04T18:16:05.630Z] <<< [apiv2][body] GET https://www.gstatic.com/firebasejs/releases.json {"current":{"version":"9.8.2","browserURL":"https://www.gstatic.com/firebasejs/9.8.2/firebase.js","packageURL":"https://www.gstatic.com/firebasejs/9.8.2/firebase.tgz"},"live":{"version":"9.8","browserURL":"https://www.gstatic.com/firebasejs/live/9.8/firebase.js","packageURL":"https://www.gstatic.com/firebasejs/live/9.8/firebase.tgz"},"components":{"analytics":"https://www.gstatic.com/firebasejs/9.8.2/firebase-analytics.js","app":"https://www.gstatic.com/firebasejs/9.8.2/firebase-app.js","app-check":"https://www.gstatic.com/firebasejs/9.8.2/firebase-app-check.js","auth":"https://www.gstatic.com/firebasejs/9.8.2/firebase-auth.js","auth/cordova":"https://www.gstatic.com/firebasejs/9.8.2/firebase-auth/cordova.js","auth/react-native":"https://www.gstatic.com/firebasejs/9.8.2/firebase-auth/react-native.js","functions":"https://www.gstatic.com/firebasejs/9.8.2/firebase-functions.js","firestore":"https://www.gstatic.com/firebasejs/9.8.2/firebase-firestore.js","firestore/lite":"https://www.gstatic.com/firebasejs/9.8.2/firebase-firestore/lite.js","storage":"https://www.gstatic.com/firebasejs/9.8.2/firebase-storage.js","performance":"https://www.gstatic.com/firebasejs/9.8.2/firebase-performance.js","remote-config":"https://www.gstatic.com/firebasejs/9.8.2/firebase-remote-config.js","messaging":"https://www.gstatic.com/firebasejs/9.8.2/firebase-messaging.js","messaging/sw":"https://www.gstatic.com/firebasejs/9.8.2/firebase-messaging/sw.js","database":"https://www.gstatic.com/firebasejs/9.8.2/firebase-database.js","firestore.memory":"https://www.gstatic.com/firebasejs/9.8.2/firebase-firestore.memory.js"}}
[info] i  Skipping write of build/index.html 
[info] 
[info] i  Detected a .git folder at C:\Users\rohit\OneDrive\Desktop\Netflix clone\netflix 
[info] i  Authorizing with GitHub to upload your service account to a GitHub repository's secrets store. 
[info] 
[info] Visit this URL on this device to log in:
[info] https://github.com/login/oauth/authorize?client_id=89cf50f02ac6aaed3484&state=661137173&redirect_uri=http%3A%2F%2Flocalhost%3A9005&scope=read%3Auser%20repo%20public_repo
[info] 
[info] Waiting for authentication...
[debug] [2022-06-04T18:16:09.635Z] >>> HTTP REQUEST POST https://github.com/login/oauth/access_token  
 {"client_id":"89cf50f02ac6aaed3484","client_secret":"3330d14abc895d9a74d5f17cd7a00711fa2c5bf0","code":"f339258b7aca0d133a9b","redirect_uri":"http://localhost:9005","state":"661137173"}
[debug] [2022-06-04T18:16:10.136Z] <<< HTTP RESPONSE 200 {"server":"GitHub.com","date":"Sat, 04 Jun 2022 18:16:10 GMT","content-type":"application/json; charset=utf-8","transfer-encoding":"chunked","vary":"X-PJAX, X-PJAX-Container, Turbo-Visit, Turbo-Frame, Accept-Encoding, Accept, X-Requested-With","permissions-policy":"interest-cohort=()","etag":"W/\"8f9e219111fe5074e56959f146257623\"","cache-control":"max-age=0, private, must-revalidate","strict-transport-security":"max-age=31536000; includeSubdomains; preload","x-frame-options":"deny","x-content-type-options":"nosniff","x-xss-protection":"0","referrer-policy":"origin-when-cross-origin, strict-origin-when-cross-origin","expect-ct":"max-age=2592000, report-uri=\"https://api.github.com/_private/browser/errors\"","content-security-policy":"default-src 'none'; base-uri 'self'; block-all-mixed-content; child-src github.com/assets-cdn/worker/ gist.github.com/assets-cdn/worker/; connect-src 'self' uploads.github.com objects-origin.githubusercontent.com www.githubstatus.com collector.github.com raw.githubusercontent.com api.github.com github-cloud.s3.amazonaws.com github-production-repository-file-5c1aeb.s3.amazonaws.com github-production-upload-manifest-file-7fdce7.s3.amazonaws.com github-production-user-asset-6210df.s3.amazonaws.com cdn.optimizely.com logx.optimizely.com/v1/events *.actions.githubusercontent.com wss://*.actions.githubusercontent.com online.visualstudio.com/api/v1/locations github-production-repository-image-32fea6.s3.amazonaws.com github-production-release-asset-2e65be.s3.amazonaws.com insights.github.com wss://alive.github.com; font-src github.githubassets.com; form-action 'self' github.com gist.github.com objects-origin.githubusercontent.com; frame-ancestors 'none'; frame-src render.githubusercontent.com viewscreen.githubusercontent.com notebooks.githubusercontent.com; img-src 'self' data: github.githubassets.com identicons.github.com github-cloud.s3.amazonaws.com secured-user-images.githubusercontent.com/ github-production-user-asset-6210df.s3.amazonaws.com *.githubusercontent.com; manifest-src 'self'; media-src github.com user-images.githubusercontent.com/; script-src github.githubassets.com; style-src 'unsafe-inline' github.githubassets.com; worker-src github.com/assets-cdn/worker/ gist.github.com/assets-cdn/worker/","x-github-request-id":"D2F2:0B8E:813E2A:944514:629BA169"}
[debug] [2022-06-04T18:16:10.150Z] >>> [apiv2][query] GET https://api.github.com/user [none]
[debug] [2022-06-04T18:16:10.698Z] <<< [apiv2][status] GET https://api.github.com/user 200
[debug] [2022-06-04T18:16:10.699Z] <<< [apiv2][body] GET https://api.github.com/user {"login":"therohit777","id":87574570,"node_id":"MDQ6VXNlcjg3NTc0NTcw","avatar_url":"https://avatars.githubusercontent.com/u/87574570?v=4","gravatar_id":"","url":"https://api.github.com/users/therohit777","html_url":"https://github.com/therohit777","followers_url":"https://api.github.com/users/therohit777/followers","following_url":"https://api.github.com/users/therohit777/following{/other_user}","gists_url":"https://api.github.com/users/therohit777/gists{/gist_id}","starred_url":"https://api.github.com/users/therohit777/starred{/owner}{/repo}","subscriptions_url":"https://api.github.com/users/therohit777/subscriptions","organizations_url":"https://api.github.com/users/therohit777/orgs","repos_url":"https://api.github.com/users/therohit777/repos","events_url":"https://api.github.com/users/therohit777/events{/privacy}","received_events_url":"https://api.github.com/users/therohit777/received_events","type":"User","site_admin":false,"name":"Rohit Pandey","company":null,"blog":"loving-colden-fd8020.netlify.app","location":"Kharagpur, India","email":null,"hireable":null,"bio":"MERN Stack Developer || Data Science Enthusiast || Currently growing my hands on OpenCV|| ","twitter_username":"Rohit_Dev7","public_repos":38,"public_gists":0,"followers":17,"following":23,"created_at":"2021-07-17T14:24:41Z","updated_at":"2022-06-04T17:59:16Z","private_gists":0,"total_private_repos":0,"owned_private_repos":0,"disk_usage":79048,"collaborators":0,"two_factor_authentication":false,"plan":{"name":"pro","space":976562499,"collaborators":0,"private_repos":9999}}
[info] 
[info] +  Success! Logged into GitHub as therohit777 
[info] 
